[2023-05-16T16:28:50.102594+02:00] test-log.INFO: Access GET /sports-api/leagues/Soccer/Canada [] []
[2023-05-16T16:30:20.395418+02:00] test-log.INFO: Access GET /sports-api/leagues/Soccer/Canada [] []
[2023-05-16T16:30:26.319046+02:00] test-log.INFO: Access HEAD /sports-api/leagues/Soccer/Canada [] []
[2023-05-16T16:34:38.244730+02:00] test-log.INFO: Access POST /sports-api/account [] []
[2023-05-16T16:35:30.915698+02:00] test-log.INFO: Access POST /sports-api/token [] []
[2023-05-16T16:36:21.806589+02:00] test-log.INFO: Access POST /sports-api/token [] []
[2023-05-16T16:36:51.069133+02:00] test-log.INFO: Access GET /sports-api/sports [] []
[2023-05-16T16:37:00.196958+02:00] test-log.INFO: Access GET /sports-api/sports [] []
[2023-05-16T16:43:26.935013+02:00] test-log.INFO: Access POST /sports-api/account [] []
[2023-05-16T16:43:40.851744+02:00] test-log.INFO: Access POST /sports-api/account [] []
[2023-05-16T16:44:01.950035+02:00] test-log.INFO: Access POST /sports-api/token [] []
[2023-05-16T16:44:20.560729+02:00] test-log.INFO: Access GET /sports-api/sports [] []
[2023-05-16T16:49:29.061755+02:00] test-log.INFO: Access GET /sports-api/sports  [] []
[2023-05-16T16:55:03.968085+02:00] test-log.INFO: Access GET /sports-api/sports {     "first_name": "fiacreeeasdasdsa",     "last_name": "try",     "email": "iot@gmail",     "password": "CAD",     "role": "admin"   } [] []
[2023-05-16T16:57:03.795882+02:00] test-log.INFO: Access GET /sports-api/sports [] []
[2023-05-20T01:35:29.736294+02:00] test-log.INFO: Access POST /sports-api/account [] []
[2023-05-20T01:35:43.751219+02:00] test-log.INFO: Access POST /sports-api/account [] []
[2023-05-20T01:36:36.282939+02:00] test-log.INFO: Access POST /sports-api/account [] []
[2023-05-20T01:37:31.567896+02:00] test-log.INFO: Access POST /sports-api/token [] []
[2023-05-20T01:38:00.786526+02:00] test-log.INFO: Access POST /sports-api/sports [] []
[2023-05-20T01:38:06.067311+02:00] test-log.INFO: Access POST /sports-api/sports [] []
[2023-05-20T01:38:11.814940+02:00] test-log.INFO: Access POST /sports-api/sports [] []
[2023-05-20T01:38:18.514827+02:00] test-log.INFO: Access POST /sports-api/sports [] []
[2023-05-20T01:40:11.122961+02:00] test-log.INFO: Access POST /sports-api/sports [] []
[2023-05-20T03:27:34.779479+02:00] test-log.INFO: Access POST /sports-api/account%20 [] []
[2023-05-20T03:27:43.324478+02:00] test-log.INFO: Access POST /sports-api/account%20 [] []
[2023-05-20T03:27:48.454220+02:00] test-log.INFO: Access POST /sports-api/account [] []
[2023-05-20T03:27:55.886022+02:00] test-log.INFO: Access POST /sports-api/token [] []
[2023-05-20T03:28:20.876262+02:00] test-log.INFO: Access POST /sports-api/players [] []
[2023-05-20T03:28:43.797645+02:00] test-log.INFO: Access POST /sports-api/players [] []
[2023-05-20T03:28:52.736952+02:00] test-log.INFO: Access POST /sports-api/players [] []
[2023-05-20T03:28:55.383509+02:00] test-log.INFO: Access POST /sports-api/players [] []
[2023-05-20T03:29:04.083442+02:00] test-log.INFO: Access POST /sports-api/players [] []
[2023-05-20T03:29:38.280363+02:00] test-log.INFO: Access PUT /sports-api/players [] []
[2023-05-20T03:30:09.969677+02:00] test-log.INFO: Access PUT /sports-api/players [] []
[2023-05-20T03:30:13.273187+02:00] test-log.INFO: Access PUT /sports-api/teams [] []
[2023-05-20T03:30:20.904631+02:00] test-log.INFO: Access POST /sports-api/teams [] []
[2023-05-20T03:30:37.315144+02:00] test-log.INFO: Access PUT /sports-api/teams [] []
[2023-05-20T03:31:20.860776+02:00] test-log.INFO: Access PUT /sports-api/countries [] []
[2023-05-20T03:31:26.138711+02:00] test-log.INFO: Access POST /sports-api/countries [] []
[2023-05-20T03:31:46.912992+02:00] test-log.INFO: Access POST /sports-api/currency [] []
[2023-05-20T03:32:21.575082+02:00] test-log.INFO: Access POST /sports-api/leagues [] []
[2023-05-20T03:32:48.441878+02:00] test-log.INFO: Access POST /sports-api/matches [] []
[2023-05-20T03:33:16.326155+02:00] test-log.INFO: Access POST /sports-api/rankings [] []
[2023-05-20T03:33:21.205708+02:00] test-log.INFO: Access GET /sports-api/rankings [] []
[2023-05-20T03:33:23.789145+02:00] test-log.INFO: Access DELETE /sports-api/rankings [] []
[2023-05-20T03:33:38.523982+02:00] test-log.INFO: Access DELETE /sports-api/leagues/1/ranking [] []
[2023-05-20T03:34:06.183972+02:00] test-log.INFO: Access DELETE /sports-api/league/rankings [] []
